<?xml version="1.0" encoding="UTF-8"?>
<!-- Generated by org.testng.reporters.JUnitReportReporter -->
<testsuite skipped="0" hostname="yair-fdev" name="com.yair_f.globesweb.LoginTest1" tests="1" failures="0" timestamp="05 Sep 2019 15:30:17 GMT" time="7.168" errors="0">
  <testcase name="loginSession" time="7.168" classname="com.yair_f.globesweb.LoginTest1"/>
</testsuite> <!-- com.yair_f.globesweb.LoginTest1 -->
