<?xml version="1.0" encoding="UTF-8"?>
<!-- Generated by org.testng.reporters.JUnitReportReporter -->
<testsuite skipped="0" hostname="yair-fdev" name="com.yair_f.globesweb.AddArticleToSaveListTest7" tests="1" failures="0" timestamp="05 ספט 2019 15:42:47 GMT" time="19.032" errors="0">
  <testcase name="addArticle" time="19.032" classname="com.yair_f.globesweb.AddArticleToSaveListTest7"/>
</testsuite> <!-- com.yair_f.globesweb.AddArticleToSaveListTest7 -->
