<?xml version="1.0" encoding="UTF-8"?>
<!-- Generated by org.testng.reporters.JUnitReportReporter -->
<testsuite skipped="0" hostname="yair-fdev" name="com.yair_f.globesweb.WrongPwd" tests="1" failures="0" timestamp="04 ספט 2019 13:11:24 GMT" time="8.688" errors="0">
  <testcase name="wrongPassword" time="8.688" classname="com.yair_f.globesweb.WrongPwd"/>
</testsuite> <!-- com.yair_f.globesweb.WrongPwd -->
