<?xml version="1.0" encoding="UTF-8"?>
<!-- Generated by org.testng.reporters.JUnitReportReporter -->
<testsuite skipped="0" hostname="yair-fdev" name="com.yair_f.globesweb.ForgotPasswordTest5" tests="1" failures="0" timestamp="05 Sep 2019 15:30:18 GMT" time="6.322" errors="0">
  <testcase name="resetPassword" time="6.322" classname="com.yair_f.globesweb.ForgotPasswordTest5"/>
</testsuite> <!-- com.yair_f.globesweb.ForgotPasswordTest5 -->
