<?xml version="1.0" encoding="UTF-8"?>
<!-- Generated by org.testng.reporters.JUnitReportReporter -->
<testsuite skipped="0" hostname="yair-fdev" name="com.yair_f.globesweb.SubscribeToTevaTagitTest10" tests="1" failures="0" timestamp="05 Sep 2019 15:30:18 GMT" time="11.783" errors="0">
  <testcase name="subscribeToTagit" time="11.783" classname="com.yair_f.globesweb.SubscribeToTevaTagitTest10"/>
</testsuite> <!-- com.yair_f.globesweb.SubscribeToTevaTagitTest10 -->
